<?xml version="1.0" encoding="UTF-8"?>
<testng-results ignored="0" total="2" passed="2" failed="0" skipped="0">
  <reporter-output>
  </reporter-output>
  <suite started-at="2022-08-01T16:04:31 MST" name="All Test Suite" finished-at="2022-08-01T16:04:31 MST" duration-ms="60">
    <groups>
    </groups>
    <test started-at="2022-08-01T16:04:31 MST" name="C:/Users/Sree/IdeaProjects/TestNgDemo/src/test/java/example1.java" finished-at="2022-08-01T16:04:31 MST" duration-ms="60">
      <class name="Pack1.TC1">
        <test-method is-config="true" signature="XZ()[pri:0, instance:Pack1.TC1@6f3b5d16]" started-at="2022-08-01T16:04:31 MST" name="XZ" finished-at="2022-08-01T16:04:31 MST" duration-ms="13" status="PASS">
          <reporter-output>
          </reporter-output>
        </test-method> <!-- XZ -->
        <test-method signature="M1()[pri:0, instance:Pack1.TC1@6f3b5d16]" started-at="2022-08-01T16:04:31 MST" name="M1" finished-at="2022-08-01T16:04:31 MST" duration-ms="2" status="PASS">
          <reporter-output>
          </reporter-output>
        </test-method> <!-- M1 -->
        <test-method signature="M2()[pri:0, instance:Pack1.TC1@6f3b5d16]" started-at="2022-08-01T16:04:31 MST" name="M2" finished-at="2022-08-01T16:04:31 MST" duration-ms="2" status="PASS">
          <reporter-output>
          </reporter-output>
        </test-method> <!-- M2 -->
      </class> <!-- Pack1.TC1 -->
    </test> <!-- C:/Users/Sree/IdeaProjects/TestNgDemo/src/test/java/example1.java -->
  </suite> <!-- All Test Suite -->
</testng-results>
